<?xml version="1.0" encoding="UTF-8"?>
<!-- Generated by org.testng.reporters.JUnitReportReporter -->
<testsuite name="com.testNG.Parallelexecution" tests="3" time="0.141" ignored="0" failures="0" timestamp="26 May 2020 12:07:37 GMT" skipped="0" hostname="DESKTOP-6SGILJT" errors="0">
  <testcase name="testcase1" time="0.110" classname="com.testNG.Parallelexecution"/>
  <testcase name="testcase2" time="0.015" classname="com.testNG.Parallelexecution"/>
  <testcase name="testcase3" time="0.016" classname="com.testNG.Parallelexecution"/>
</testsuite> <!-- com.testNG.Parallelexecution -->
