<?xml version="1.0" encoding="UTF-8"?>
<!-- Generated by org.testng.reporters.JUnitReportReporter -->
<testsuite name="com.testNG.Sampletestcase" tests="3" time="0.071" ignored="0" failures="0" timestamp="25 May 2020 14:09:14 GMT" skipped="0" hostname="DESKTOP-6SGILJT" errors="0">
  <testcase name="sampletestcase3" time="0.020" classname="com.testNG.Sampletestcase"/>
  <testcase name="sampletestcase1" time="0.040" classname="com.testNG.Sampletestcase"/>
  <testcase name="sampletestcase2" time="0.011" classname="com.testNG.Sampletestcase"/>
</testsuite> <!-- com.testNG.Sampletestcase -->
