<?xml version="1.0" encoding="UTF-8"?>
<!-- Generated by org.testng.reporters.JUnitReportReporter -->
<testsuite name="com.testNG.Parallelexecution1" tests="3" time="0.140" ignored="0" failures="0" timestamp="26 May 2020 12:07:37 GMT" skipped="0" hostname="DESKTOP-6SGILJT" errors="0">
  <testcase name="testcase4" time="0.110" classname="com.testNG.Parallelexecution1"/>
  <testcase name="testcase6" time="0.015" classname="com.testNG.Parallelexecution1"/>
  <testcase name="testcase5" time="0.015" classname="com.testNG.Parallelexecution1"/>
</testsuite> <!-- com.testNG.Parallelexecution1 -->
