<?xml version="1.0" encoding="UTF-8"?>
<!-- Generated by org.testng.reporters.JUnitReportReporter -->
<testsuite name="com.naukri.Callwrapper" tests="1" time="5.895" ignored="0" failures="0" timestamp="25 May 2020 14:53:19 GMT" skipped="0" hostname="DESKTOP-6SGILJT" errors="0">
  <testcase name="login" time="5.895" classname="com.naukri.Callwrapper"/>
</testsuite> <!-- com.naukri.Callwrapper -->
