<?xml version="1.0" encoding="UTF-8"?>
<!-- Generated by org.testng.reporters.JUnitReportReporter -->
<testsuite name="com.testNG.Prioritytestcase" tests="2" time="0.065" ignored="1" failures="0" timestamp="27 May 2020 11:36:15 GMT" skipped="0" hostname="DESKTOP-6SGILJT" errors="0">
  <testcase name="testcase1" time="0.007" classname="com.testNG.Prioritytestcase"/>
  <testcase name="testcase3" time="0.058" classname="com.testNG.Prioritytestcase"/>
  <testcase name="testcase2" classname="com.testNG.Prioritytestcase">
    <skipped/>
  </testcase> <!-- testcase2 -->
</testsuite> <!-- com.testNG.Prioritytestcase -->
